%!Adobe-FontList 1.20
%Locale:0x409

%BeginFont
Handler:DirectoryHandler
FontType:TrueType
FontName:TradeGothicLT-Light
FamilyName:TradeGothic LT Light
StyleName:Regular
MenuName:TradeGothic LT Light
StyleBits:0
WeightClass:400
WidthClass:5
AngleClass:0
FullName:Trade Gothic LT Light
WritingScript:Roman
OutlineFileName:/Users/linaalamoudi/Desktop/Saeeda_INC Template Folder_150621/Document fonts/Trade Gothic LT Light.ttf
DataFormat:sfntData
hasSVG:no
VariableFontType:NonVariableFont
FileLength:82036
FileModTime:366708438
NameArray:0,Mac,4,Trade Gothic LT Light
NameArray:0,Win,1,TradeGothic LT Light
%EndFont

%BeginFont
Handler:DirectoryHandler
FontType:TrueType
FontName:HelveticaNeue
FamilyName:Helvetica Neue
StyleName:Regular
MenuName:Helvetica Neue
StyleBits:0
WeightClass:400
WidthClass:5
AngleClass:0
FullName:Helvetica Neue
WritingScript:Roman
OutlineFileName:/Users/linaalamoudi/Desktop/Saeeda_INC Template Folder_150621/Document fonts/HelveticaNeue.ttc
TTCOffset:80
DataFormat:sfntData
hasSVG:no
VariableFontType:NonVariableFont
FileLength:6171680
FileModTime:645446600
NameArray:0,Mac,4,Helvetica Neue
%EndFont

%BeginFont
Handler:DirectoryHandler
FontType:TrueType
FontName:HelveticaNeue-Bold
FamilyName:Helvetica Neue
StyleName:Bold
MenuName:Helvetica Neue
StyleBits:2
WeightClass:700
WidthClass:5
AngleClass:0
FullName:Helvetica Neue Bold
WritingScript:Roman
OutlineFileName:/Users/linaalamoudi/Desktop/Saeeda_INC Template Folder_150621/Document fonts/HelveticaNeue.ttc
TTCOffset:396
DataFormat:sfntData
hasSVG:no
VariableFontType:NonVariableFont
FileLength:6171680
FileModTime:645446600
NameArray:0,Mac,4,Helvetica Neue Bold
%EndFont

%BeginFont
Handler:DirectoryHandler
FontType:TrueType
FontName:HelveticaNeue-Italic
FamilyName:Helvetica Neue
StyleName:Italic
MenuName:Helvetica Neue
StyleBits:1
WeightClass:400
WidthClass:5
AngleClass:1
FullName:Helvetica Neue Italic
WritingScript:Roman
OutlineFileName:/Users/linaalamoudi/Desktop/Saeeda_INC Template Folder_150621/Document fonts/HelveticaNeue.ttc
TTCOffset:744
DataFormat:sfntData
hasSVG:no
VariableFontType:NonVariableFont
FileLength:6171680
FileModTime:645446600
NameArray:0,Mac,4,Helvetica Neue Italic
%EndFont

%BeginFont
Handler:DirectoryHandler
FontType:TrueType
FontName:HelveticaNeue-BoldItalic
FamilyName:Helvetica Neue
StyleName:Bold Italic
MenuName:Helvetica Neue
StyleBits:3
WeightClass:700
WidthClass:5
AngleClass:1
FullName:Helvetica Neue Bold Italic
WritingScript:Roman
OutlineFileName:/Users/linaalamoudi/Desktop/Saeeda_INC Template Folder_150621/Document fonts/HelveticaNeue.ttc
TTCOffset:1108
DataFormat:sfntData
hasSVG:no
VariableFontType:NonVariableFont
FileLength:6171680
FileModTime:645446600
NameArray:0,Mac,4,Helvetica Neue Bold Italic
%EndFont

%BeginFont
Handler:DirectoryHandler
FontType:TrueType
FontName:HelveticaNeue-CondensedBold
FamilyName:Helvetica Neue
StyleName:Condensed Bold
MenuName:Helvetica Neue
StyleBits:2
WeightClass:700
WidthClass:3
AngleClass:0
FullName:Helvetica Neue Condensed Bold
WritingScript:Roman
OutlineFileName:/Users/linaalamoudi/Desktop/Saeeda_INC Template Folder_150621/Document fonts/HelveticaNeue.ttc
TTCOffset:1472
DataFormat:sfntData
hasSVG:no
VariableFontType:NonVariableFont
FileLength:6171680
FileModTime:645446600
NameArray:0,Mac,4,Helvetica Neue Condensed Bold
%EndFont

%BeginFont
Handler:DirectoryHandler
FontType:TrueType
FontName:HelveticaNeue-UltraLight
FamilyName:Helvetica Neue
StyleName:UltraLight
MenuName:Helvetica Neue
StyleBits:0
WeightClass:100
WidthClass:5
AngleClass:0
FullName:Helvetica Neue UltraLight
WritingScript:Roman
OutlineFileName:/Users/linaalamoudi/Desktop/Saeeda_INC Template Folder_150621/Document fonts/HelveticaNeue.ttc
TTCOffset:1836
DataFormat:sfntData
hasSVG:no
VariableFontType:NonVariableFont
FileLength:6171680
FileModTime:645446600
NameArray:0,Mac,4,Helvetica Neue UltraLight
%EndFont

%BeginFont
Handler:DirectoryHandler
FontType:TrueType
FontName:HelveticaNeue-UltraLightItalic
FamilyName:Helvetica Neue
StyleName:UltraLight Italic
MenuName:Helvetica Neue
StyleBits:1
WeightClass:100
WidthClass:5
AngleClass:1
FullName:Helvetica Neue UltraLight Italic
WritingScript:Roman
OutlineFileName:/Users/linaalamoudi/Desktop/Saeeda_INC Template Folder_150621/Document fonts/HelveticaNeue.ttc
TTCOffset:2168
DataFormat:sfntData
hasSVG:no
VariableFontType:NonVariableFont
FileLength:6171680
FileModTime:645446600
NameArray:0,Mac,4,Helvetica Neue UltraLight Italic
%EndFont

%BeginFont
Handler:DirectoryHandler
FontType:TrueType
FontName:HelveticaNeue-Light
FamilyName:Helvetica Neue
StyleName:Light
MenuName:Helvetica Neue
StyleBits:0
WeightClass:300
WidthClass:5
AngleClass:0
FullName:Helvetica Neue Light
WritingScript:Roman
OutlineFileName:/Users/linaalamoudi/Desktop/Saeeda_INC Template Folder_150621/Document fonts/HelveticaNeue.ttc
TTCOffset:2532
DataFormat:sfntData
hasSVG:no
VariableFontType:NonVariableFont
FileLength:6171680
FileModTime:645446600
NameArray:0,Mac,4,Helvetica Neue Light
%EndFont

%BeginFont
Handler:DirectoryHandler
FontType:TrueType
FontName:HelveticaNeue-LightItalic
FamilyName:Helvetica Neue
StyleName:Light Italic
MenuName:Helvetica Neue
StyleBits:1
WeightClass:300
WidthClass:5
AngleClass:1
FullName:Helvetica Neue Light Italic
WritingScript:Roman
OutlineFileName:/Users/linaalamoudi/Desktop/Saeeda_INC Template Folder_150621/Document fonts/HelveticaNeue.ttc
TTCOffset:2880
DataFormat:sfntData
hasSVG:no
VariableFontType:NonVariableFont
FileLength:6171680
FileModTime:645446600
NameArray:0,Mac,4,Helvetica Neue Light Italic
%EndFont

%BeginFont
Handler:DirectoryHandler
FontType:TrueType
FontName:HelveticaNeue-CondensedBlack
FamilyName:Helvetica Neue
StyleName:Condensed Black
MenuName:Helvetica Neue
StyleBits:2
WeightClass:900
WidthClass:3
AngleClass:0
FullName:Helvetica Neue Condensed Black
WritingScript:Roman
OutlineFileName:/Users/linaalamoudi/Desktop/Saeeda_INC Template Folder_150621/Document fonts/HelveticaNeue.ttc
TTCOffset:3228
DataFormat:sfntData
hasSVG:no
VariableFontType:NonVariableFont
FileLength:6171680
FileModTime:645446600
NameArray:0,Mac,4,Helvetica Neue Condensed Black
%EndFont

%BeginFont
Handler:DirectoryHandler
FontType:TrueType
FontName:HelveticaNeue-Medium
FamilyName:Helvetica Neue
StyleName:Medium
MenuName:Helvetica Neue
StyleBits:0
WeightClass:500
WidthClass:5
AngleClass:0
FullName:Helvetica Neue Medium
WritingScript:Roman
OutlineFileName:/Users/linaalamoudi/Desktop/Saeeda_INC Template Folder_150621/Document fonts/HelveticaNeue.ttc
TTCOffset:3592
DataFormat:sfntData
hasSVG:no
VariableFontType:NonVariableFont
FileLength:6171680
FileModTime:645446600
NameArray:0,Mac,4,Helvetica Neue Medium
%EndFont

%BeginFont
Handler:DirectoryHandler
FontType:TrueType
FontName:HelveticaNeue-MediumItalic
FamilyName:Helvetica Neue
StyleName:Medium Italic
MenuName:Helvetica Neue
StyleBits:0
WeightClass:500
WidthClass:5
AngleClass:0
FullName:Helvetica Neue Medium Italic
WritingScript:Roman
OutlineFileName:/Users/linaalamoudi/Desktop/Saeeda_INC Template Folder_150621/Document fonts/HelveticaNeue.ttc
TTCOffset:3940
DataFormat:sfntData
hasSVG:no
VariableFontType:NonVariableFont
FileLength:6171680
FileModTime:645446600
NameArray:0,Mac,4,Helvetica Neue Medium Italic
%EndFont

%BeginFont
Handler:DirectoryHandler
FontType:TrueType
FontName:HelveticaNeue-Thin
FamilyName:Helvetica Neue
StyleName:Thin
MenuName:Helvetica Neue
StyleBits:0
WeightClass:200
WidthClass:5
AngleClass:0
FullName:Helvetica Neue Thin
WritingScript:Roman
OutlineFileName:/Users/linaalamoudi/Desktop/Saeeda_INC Template Folder_150621/Document fonts/HelveticaNeue.ttc
TTCOffset:4208
DataFormat:sfntData
hasSVG:no
VariableFontType:NonVariableFont
FileLength:6171680
FileModTime:645446600
NameArray:0,Mac,4,Helvetica Neue Thin
NameArray:0,Win,1,Helvetica Neue
%EndFont

%BeginFont
Handler:DirectoryHandler
FontType:TrueType
FontName:HelveticaNeue-ThinItalic
FamilyName:Helvetica Neue
StyleName:Thin Italic
MenuName:Helvetica Neue
StyleBits:0
WeightClass:200
WidthClass:5
AngleClass:0
FullName:Helvetica Neue Thin Italic
WritingScript:Roman
OutlineFileName:/Users/linaalamoudi/Desktop/Saeeda_INC Template Folder_150621/Document fonts/HelveticaNeue.ttc
TTCOffset:4524
DataFormat:sfntData
hasSVG:no
VariableFontType:NonVariableFont
FileLength:6171680
FileModTime:645446600
NameArray:0,Mac,4,Helvetica Neue Thin Italic
NameArray:0,Win,1,Helvetica Neue
%EndFont

%BeginFont
Handler:DirectoryHandler
FontType:TrueType
FontName:TradeGothicLT-Bold
FamilyName:TradeGothic LT Bold
StyleName:Regular
MenuName:TradeGothic LT Bold
StyleBits:0
WeightClass:700
WidthClass:5
AngleClass:0
FullName:Trade Gothic LT Bold
WritingScript:Roman
OutlineFileName:/Users/linaalamoudi/Desktop/Saeeda_INC Template Folder_150621/Document fonts/Trade Gothic LT Bold.ttf
DataFormat:sfntData
hasSVG:no
VariableFontType:NonVariableFont
FileLength:70240
FileModTime:366708438
NameArray:0,Mac,4,Trade Gothic LT Bold
NameArray:0,Win,1,TradeGothic LT Bold
%EndFont

%BeginFont
Handler:DirectoryHandler
FontType:TrueType
FontName:InknutAntiqua-Bold
FamilyName:Inknut Antiqua
StyleName:Bold
MenuName:Inknut Antiqua
StyleBits:2
WeightClass:700
WidthClass:5
AngleClass:0
FullName:Inknut Antiqua Bold
WritingScript:Roman
OutlineFileName:/Users/linaalamoudi/Desktop/Saeeda_INC Template Folder_150621/Document fonts/InknutAntiqua-Bold.ttf
DataFormat:sfntData
hasSVG:no
VariableFontType:NonVariableFont
FileLength:288528
FileModTime:614176864
NameArray:0,Mac,4,Inknut Antiqua Bold
NameArray:0,Win,1,Inknut Antiqua
%EndFont

%BeginFont
Handler:DirectoryHandler
FontType:TrueType
FontName:InknutAntiqua-Black
FamilyName:Inknut Antiqua
StyleName:Black
MenuName:Inknut Antiqua SemiBold
StyleBits:2
WeightClass:900
WidthClass:5
AngleClass:0
FullName:Inknut Antiqua Black
WritingScript:Roman
OutlineFileName:/Users/linaalamoudi/Desktop/Saeeda_INC Template Folder_150621/Document fonts/InknutAntiqua-Black.ttf
DataFormat:sfntData
hasSVG:no
VariableFontType:NonVariableFont
FileLength:282188
FileModTime:614176864
NameArray:0,Mac,4,Inknut Antiqua Black
NameArray:0,Win,1,Inknut Antiqua SemiBold
NameArray:0,Win,16,Inknut Antiqua
%EndFont

%BeginFont
Handler:DirectoryHandler
FontType:TrueType
FontName:TradeGothicLT-Oblique
FamilyName:TradeGothic LT
StyleName:Italic
MenuName:TradeGothic LT
StyleBits:1
WeightClass:400
WidthClass:5
AngleClass:1
FullName:Trade Gothic LT Oblique
WritingScript:Roman
OutlineFileName:/Users/linaalamoudi/Desktop/Saeeda_INC Template Folder_150621/Document fonts/Trade Gothic LT Oblique.ttf
DataFormat:sfntData
hasSVG:no
VariableFontType:NonVariableFont
FileLength:57380
FileModTime:366708438
NameArray:0,Mac,4,Trade Gothic LT Oblique
NameArray:0,Win,1,TradeGothic LT
%EndFont

%BeginFont
Handler:DirectoryHandler
FontType:TrueType
FontName:InknutAntiqua-ExtraBold
FamilyName:Inknut Antiqua
StyleName:ExtraBold
MenuName:Inknut Antiqua SemiBold
StyleBits:2
WeightClass:800
WidthClass:5
AngleClass:0
FullName:Inknut Antiqua ExtraBold
WritingScript:Roman
OutlineFileName:/Users/linaalamoudi/Desktop/Saeeda_INC Template Folder_150621/Document fonts/InknutAntiqua-ExtraBold.ttf
DataFormat:sfntData
hasSVG:no
VariableFontType:NonVariableFont
FileLength:287872
FileModTime:614176864
NameArray:0,Mac,4,Inknut Antiqua ExtraBold
NameArray:0,Win,1,Inknut Antiqua SemiBold
NameArray:0,Win,16,Inknut Antiqua
%EndFont

